2 of 2 drafts rendered
0 future content 
2 pages created 
0 tags created
0 categories created
in 18 ms
Serving pages from /apps/sites/test/public
Web Server is available at http://128.199.42.145:80/
Press ctrl+c to stop
3 of 3 drafts rendered
0 future content 
3 pages created 
0 tags created
0 categories created
in 30 ms
Serving pages from /apps/sites/test/public
Web Server is available at http://128.199.42.145:80/
Press ctrl+c to stop
1 of 1 draft rendered 
0 future content 
3 pages created 
0 tags created
0 categories created
in 28 ms
Serving pages from /apps/sites/test/public
Web Server is available at http://128.199.42.145:80/
Press ctrl+c to stop
1 of 1 draft rendered 
0 future content 
3 pages created 
0 tags created
0 categories created
in 40 ms
Serving pages from /apps/sites/test/public
Web Server is available at http://128.199.42.145:80/
Press ctrl+c to stop
